
=== Tue Oct 23 14:05:22 2018

Packages were changed.
Update Mode: updateDependencies

The following packages were added:
  com.unity.collab-proxy@1.2.11
The following packages were updated:
  com.unity.analytics from version 2.0.16 to 3.0.9
  com.unity.package-manager-ui from version 1.9.11 to 2.0.1
  com.unity.textmeshpro from version 1.2.4 to 1.3.0

=== Thu Mar 14 19:24:18 2019

Packages were changed.
Update Mode: updateDependencies

The following packages were updated:
  com.unity.analytics from version 3.0.9 to 3.2.2
  com.unity.collab-proxy from version 1.2.11 to 1.2.15

=== Tue Apr 30 14:17:54 2019

Packages were changed.
Update Mode: updateDependencies

The following packages were added:
  com.unity.timeline@1.0.0
  com.unity.multiplayer-hlapi@1.0.2
  com.unity.xr.legacyinputhelpers@2.0.2
The following packages were updated:
  com.unity.analytics from version 3.2.2 to 3.3.2
  com.unity.collab-proxy from version 1.2.15 to 1.2.16
  com.unity.package-manager-ui from version 2.0.3 to 2.1.2
  com.unity.render-pipelines.core from version 4.10.0-preview to 5.7.2
  com.unity.render-pipelines.high-definition from version 4.10.0-preview to 5.7.2-preview
  com.unity.textmeshpro from version 1.3.0 to 2.0.0

=== Tue Apr 30 15:19:17 2019

Packages were changed.
Update Mode: updateDependencies

The following packages were added:
  com.unity.2d.tilemap@1.0.0
  com.unity.ext.nunit@1.0.0
  com.unity.test-framework@1.0.11
  com.unity.2d.sprite@1.0.0
  com.unity.ide.vscode@1.0.3
  com.unity.ide.visualstudio@1.0.3
  com.unity.ide.rider@1.0.2
  com.unity.modules.androidjni@1.0.0
The following packages were updated:
  com.unity.package-manager-ui from version 2.1.2 to 2.2.0
